2022-06-19 22:21:11,530 :INFO : test_registration :Title isMy Store
2022-06-19 22:21:13,825 :INFO : test_registration :Clicked on Sign In Button
2022-06-19 22:22:08,621 :INFO : test_registration :Title isMy Store
2022-06-19 22:22:11,080 :INFO : test_registration :Clicked on Sign In Button
2022-06-19 22:23:49,362 :INFO : test_registration :Title is My Store
2022-06-19 22:24:32,803 :INFO : test_registration :Clicked on Sign In Button
2022-06-19 22:24:43,301 :INFO : test_registration :Sign In Page loaded
2022-06-19 22:25:01,996 :INFO : test_registration :Title is My Store
2022-06-19 22:25:04,284 :INFO : test_registration :Clicked on Sign In Button
2022-06-19 22:25:04,303 :INFO : test_registration :Sign In Page loaded
2022-06-19 22:25:57,058 :INFO : test_registration :Title is My Store
2022-06-19 22:25:59,286 :INFO : test_registration :Clicked on Sign In Button
2022-06-19 22:25:59,308 :INFO : test_registration :Sign In Page loaded
2022-06-19 22:27:44,196 :ERROR : test_registration :Title is incorrect
2022-06-19 22:30:23,630 :INFO : test_registration :Title is My Store
2022-06-19 22:30:31,786 :INFO : test_registration :Clicked on Sign In Button
2022-06-19 22:34:14,397 :INFO : test_registration :Title is My Store
2022-06-19 22:34:28,129 :INFO : test_registration :Clicked on Sign In Button
2022-06-19 22:34:31,548 :INFO : test_registration :Sign In Page loaded
2022-06-19 22:39:21,833 :INFO : test_registration :Title is My Store
2022-06-19 22:39:28,572 :INFO : test_registration :Clicked on Sign In Button
2022-06-19 22:39:28,593 :INFO : test_registration :Sign In Page loaded
2022-06-19 22:43:16,955 :INFO : test_registration :Title is My Store
2022-06-19 22:43:23,722 :INFO : test_registration :Clicked on Sign In Button
2022-06-19 22:43:23,744 :INFO : test_registration :Sign In Page loaded
2022-06-19 22:44:29,389 :INFO : test_registration :Title is My Store
2022-06-19 22:44:32,082 :INFO : test_registration :Clicked on Sign In Button
2022-06-19 22:44:32,103 :INFO : test_registration :Sign In Page loaded
2022-06-19 22:53:46,389 :INFO : test_registration :Title is My Store
2022-06-19 22:53:54,427 :INFO : test_registration :Clicked on Sign In Button
2022-06-19 22:53:54,467 :INFO : test_registration :Sign In Page loaded
2022-06-19 22:56:00,704 :INFO : test_registration :Title is My Store
2022-06-19 22:56:02,818 :INFO : test_registration :Clicked on Sign In Button
2022-06-19 22:56:02,838 :INFO : test_registration :Sign In Page loaded
2022-06-19 23:00:23,384 :INFO : test_registration :Title is My Store
2022-06-19 23:00:30,300 :INFO : test_registration :Clicked on Sign In Button
2022-06-19 23:00:30,320 :INFO : test_registration :Sign In Page loaded
2022-06-19 23:03:36,676 :INFO : test_registration :Title is My Store
2022-06-19 23:03:38,650 :INFO : test_registration :Clicked on Sign In Button
2022-06-19 23:03:38,671 :INFO : test_registration :Sign In Page loaded
2022-06-19 23:06:08,639 :INFO : test_registration :Title is My Store
2022-06-19 23:06:10,721 :INFO : test_registration :Clicked on Sign In Button
2022-06-19 23:06:10,746 :INFO : test_registration :Sign In Page loaded
2022-06-19 23:10:33,242 :INFO : test_registration :Title is My Store
2022-06-19 23:10:37,341 :INFO : test_registration :Clicked on Sign In Button
2022-06-19 23:10:37,361 :INFO : test_registration :Sign In Page loaded
2022-06-19 23:11:36,854 :INFO : test_registration :Title is My Store
2022-06-19 23:11:42,927 :INFO : test_registration :Clicked on Sign In Button
2022-06-19 23:11:42,945 :INFO : test_registration :Sign In Page loaded
2022-06-19 23:12:41,792 :INFO : test_registration :Title is My Store
2022-06-19 23:12:47,725 :INFO : test_registration :Clicked on Sign In Button
2022-06-19 23:12:47,744 :INFO : test_registration :Sign In Page loaded
2022-06-20 08:47:46,845 :INFO : test_registration :Title is My Store
2022-06-20 08:47:49,109 :INFO : test_registration :Clicked on Sign In Button
2022-06-20 08:47:49,183 :INFO : test_registration :Sign In Page loaded
2022-06-20 09:14:34,417 :INFO : test_registration :Title is My Store
2022-06-20 09:14:36,929 :INFO : test_registration :Clicked on Sign In Button
2022-06-20 09:14:36,987 :INFO : test_registration :Sign In Page loaded
2022-06-20 10:10:32,543 :INFO : test_validate_login :Title is My Store
2022-06-20 10:10:49,692 :INFO : test_validate_login :Clicked on Sign In Button
2022-06-20 10:10:49,774 :INFO : test_validate_login :Sign In Page loaded
2022-06-20 10:11:00,095 :ERROR : test_validate_login :Login Failed
2022-06-20 10:12:52,642 :ERROR : test_validate_login :Title is incorrect and displayed title is My account - My Store
2022-06-20 10:12:52,642 :ERROR : test_validate_login :Title is incorrect and displayed title is My account - My Store
2022-06-20 10:12:59,109 :ERROR : test_validate_login :Title is incorrect and displayed title is My account - My Store
2022-06-20 10:12:59,109 :ERROR : test_validate_login :Title is incorrect and displayed title is My account - My Store
2022-06-20 10:12:59,109 :ERROR : test_validate_login :Title is incorrect and displayed title is My account - My Store
2022-06-20 16:04:03,997 :INFO : test_validate_login :Title is My Store
2022-06-20 16:04:13,529 :INFO : test_validate_login :Clicked on Sign In Button
2022-06-20 16:04:13,589 :INFO : test_validate_login :Sign In Page loaded
2022-06-20 16:04:29,864 :INFO : test_validate_login :Login successful
2022-06-20 16:13:05,781 :INFO : test_validate_login :Title is My Store
2022-06-20 16:13:10,003 :INFO : test_validate_login :Clicked on Sign In Button
2022-06-20 16:13:10,024 :INFO : test_validate_login :Sign In Page loaded
2022-06-20 16:13:13,360 :INFO : test_validate_exception_for_invalid_password_login :Title is My Store
2022-06-20 16:13:16,348 :INFO : test_validate_login :Login successful
2022-06-20 16:13:18,930 :INFO : test_validate_exception_for_invalid_password_login :Clicked on Sign In Button
2022-06-20 16:13:18,963 :INFO : test_validate_exception_for_invalid_password_login :Sign In Page loaded
2022-06-20 16:13:35,290 :INFO : test_validate_exception_for_invalid_email_login :Title is My Store
2022-06-20 16:13:42,173 :INFO : test_validate_exception_for_invalid_email_login :Clicked on Sign In Button
2022-06-20 16:13:42,209 :INFO : test_validate_exception_for_invalid_email_login :Sign In Page loaded
2022-06-20 16:31:13,304 :INFO : test_validate_login :Title is My Store
2022-06-20 16:31:27,597 :INFO : test_validate_login :Clicked on Sign In Button
2022-06-20 16:31:27,616 :INFO : test_validate_login :Sign In Page loaded
2022-06-20 16:31:40,293 :INFO : test_validate_login :Login successful
2022-06-20 16:31:56,938 :INFO : test_validate_exception_for_invalid_password_login :Title is My Store
2022-06-20 16:32:00,590 :INFO : test_validate_exception_for_invalid_email_login :Title is My Store
2022-06-20 16:32:12,596 :INFO : test_validate_exception_for_invalid_password_login :Clicked on Sign In Button
2022-06-20 16:32:12,614 :INFO : test_validate_exception_for_invalid_password_login :Sign In Page loaded
2022-06-20 16:32:16,111 :INFO : test_validate_exception_for_invalid_email_login :Clicked on Sign In Button
2022-06-20 16:32:16,130 :INFO : test_validate_exception_for_invalid_email_login :Sign In Page loaded
2022-06-20 16:32:21,729 :INFO : test_validate_exception_for_invalid_password_login :Validation Message displayed for Invalid password:Authentication failed.
2022-06-20 16:32:25,572 :INFO : test_validate_exception_for_invalid_email_login :Validation Message displayed for Invalid email id:Authentication failed.
2022-06-20 17:00:23,943 :INFO : test_validate_exception_registration_for_existing_emailid :Title is My Store
2022-06-20 17:00:44,980 :INFO : test_validate_exception_registration_for_existing_emailid :Clicked on Sign In Button
2022-06-20 17:00:45,005 :INFO : test_validate_exception_registration_for_existing_emailid :Sign In Page loaded
2022-06-20 17:00:51,864 :INFO : test_validate_exception_registration_for_existing_emailid :Email Id has already been Registered Message is displayed
2022-06-20 18:18:22,607 :INFO : test_validate_exception_for_mandatory_fields_in_registration :Title is My Store
2022-06-20 18:18:37,444 :INFO : test_validate_exception_for_mandatory_fields_in_registration :Clicked on Sign In Button
2022-06-20 18:18:37,466 :INFO : test_validate_exception_for_mandatory_fields_in_registration :Sign In Page loaded
2022-06-20 18:18:45,862 :INFO : test_validate_exception_for_mandatory_fields_in_registration :Registration Form is Displayed
2022-06-20 18:19:52,467 :INFO : test_validate_exception_for_mandatory_fields_in_registration :Title is My Store
2022-06-20 18:19:58,030 :INFO : test_validate_exception_for_mandatory_fields_in_registration :Clicked on Sign In Button
2022-06-20 18:19:58,051 :INFO : test_validate_exception_for_mandatory_fields_in_registration :Sign In Page loaded
2022-06-20 18:20:03,347 :ERROR : test_validate_exception_for_mandatory_fields_in_registration :Registration Form in not displayed
2022-06-20 18:21:20,400 :INFO : test_validate_exception_for_mandatory_fields_in_registration :Title is My Store
2022-06-20 18:21:25,595 :INFO : test_validate_exception_for_mandatory_fields_in_registration :Clicked on Sign In Button
2022-06-20 18:21:25,616 :INFO : test_validate_exception_for_mandatory_fields_in_registration :Sign In Page loaded
2022-06-20 18:21:28,463 :INFO : test_validate_exception_for_mandatory_fields_in_registration :Registration Form is Displayed
2022-06-20 20:49:56,124 :ERROR : test_validate_exception_for_invalid_password_login :Title is incorrect and displayed title is Google
2022-06-21 15:01:18,137 :INFO : test_validate_exception_for_invalid_password_login :Title is My Store
2022-06-21 15:01:28,818 :INFO : test_validate_exception_for_invalid_password_login :Clicked on Sign In Button
2022-06-21 15:01:28,836 :INFO : test_validate_exception_for_invalid_password_login :Sign In Page loaded
2022-06-21 15:01:32,762 :INFO : test_validate_exception_for_invalid_password_login :Validation Message displayed for Invalid password:Authentication failed.
2022-06-21 15:09:46,188 :INFO : test_validate_exception_for_invalid_password_login :Title is My Store
2022-06-21 15:09:57,372 :INFO : test_validate_exception_for_invalid_password_login :Clicked on Sign In Button
2022-06-21 15:09:57,397 :INFO : test_validate_exception_for_invalid_password_login :Sign In Page loaded
2022-06-21 15:09:59,943 :INFO : test_validate_exception_for_invalid_password_login :Validation Message displayed for Invalid password:Authentication failed.
2022-06-21 15:23:52,735 :INFO : test_validate_exception_for_invalid_password_login :Title is My Store
2022-06-21 15:23:55,218 :INFO : test_validate_exception_for_invalid_password_login :Clicked on Sign In Button
2022-06-21 15:23:55,237 :INFO : test_validate_exception_for_invalid_password_login :Sign In Page loaded
2022-06-21 15:23:57,788 :INFO : test_validate_exception_for_invalid_password_login :Validation Message displayed for Invalid password:Authentication failed.
